2021-05-13 11:48:28.010  INFO 8252 --- [restartedMain] c.e.f.biological.BiologicalApplication   : Starting BiologicalApplication on DESKTOP-SJ9D7FO with PID 8252 (C:\Users\YaoHongtao\IdeaProjects\informed_consent\server\target\classes started by 姚鸿韬 in C:\Users\YaoHongtao\IdeaProjects\informed_consent)
2021-05-13 11:48:28.026  INFO 8252 --- [restartedMain] c.e.f.biological.BiologicalApplication   : No active profile set, falling back to default profiles: default
2021-05-13 11:48:28.151  INFO 8252 --- [restartedMain] .e.DevToolsPropertyDefaultsPostProcessor : Devtools property defaults active! Set 'spring.devtools.add-properties' to 'false' to disable
2021-05-13 11:48:28.151  INFO 8252 --- [restartedMain] .e.DevToolsPropertyDefaultsPostProcessor : For additional web related logging consider setting the 'logging.level.web' property to 'DEBUG'
2021-05-13 11:48:29.057  INFO 8252 --- [restartedMain] .s.d.r.c.RepositoryConfigurationDelegate : Bootstrapping Spring Data JPA repositories in DEFERRED mode.
2021-05-13 11:48:29.197  INFO 8252 --- [restartedMain] .s.d.r.c.RepositoryConfigurationDelegate : Finished Spring Data repository scanning in 134ms. Found 7 JPA repository interfaces.
2021-05-13 11:48:29.994  INFO 8252 --- [restartedMain] o.s.b.w.embedded.tomcat.TomcatWebServer  : Tomcat initialized with port(s): 443 (https) 8080 (http)
2021-05-13 11:48:30.009  INFO 8252 --- [restartedMain] o.apache.catalina.core.StandardService   : Starting service [Tomcat]
2021-05-13 11:48:30.009  INFO 8252 --- [restartedMain] org.apache.catalina.core.StandardEngine  : Starting Servlet engine: [Apache Tomcat/9.0.38]
2021-05-13 11:48:30.166  INFO 8252 --- [restartedMain] o.a.c.c.C.[Tomcat].[localhost].[/]       : Initializing Spring embedded WebApplicationContext
2021-05-13 11:48:30.181  INFO 8252 --- [restartedMain] w.s.c.ServletWebServerApplicationContext : Root WebApplicationContext: initialization completed in 2030 ms
2021-05-13 11:48:30.416  INFO 8252 --- [restartedMain] o.s.s.concurrent.ThreadPoolTaskExecutor  : Initializing ExecutorService 'applicationTaskExecutor'
2021-05-13 11:48:30.416  INFO 8252 --- [restartedMain] o.s.s.c.ThreadPoolTaskScheduler          : Initializing ExecutorService 'taskScheduler'
2021-05-13 11:48:30.494  INFO 8252 --- [task-1] o.hibernate.jpa.internal.util.LogHelper  : HHH000204: Processing PersistenceUnitInfo [name: default]
2021-05-13 11:48:30.572  INFO 8252 --- [task-1] org.hibernate.Version                    : HHH000412: Hibernate ORM core version 5.4.21.Final
2021-05-13 11:48:30.603  INFO 8252 --- [restartedMain] f.a.AutowiredAnnotationBeanPostProcessor : Autowired annotation should only be used on methods with parameters: public void cn.edu.fudan.biological.task.AutoChangeProjectStatusTask.execute() throws java.lang.InterruptedException
2021-05-13 11:48:30.619  INFO 8252 --- [restartedMain] c.e.f.b.t.AutoChangeProjectStatusTask    : 开始执行周期任务，将过期项目改变状态
2021-05-13 11:48:30.619  INFO 8252 --- [restartedMain] c.e.f.b.t.AutoChangeProjectStatusTask    : 线程休眠3秒
2021-05-13 11:48:30.744  INFO 8252 --- [task-1] o.hibernate.annotations.common.Version   : HCANN000001: Hibernate Commons Annotations {5.1.0.Final}
2021-05-13 11:48:30.869  INFO 8252 --- [task-1] com.zaxxer.hikari.HikariDataSource       : HikariPool-1 - Starting...
2021-05-13 11:48:31.213  INFO 8252 --- [task-1] com.zaxxer.hikari.HikariDataSource       : HikariPool-1 - Start completed.
2021-05-13 11:48:31.244  INFO 8252 --- [task-1] org.hibernate.dialect.Dialect            : HHH000400: Using dialect: org.hibernate.dialect.MySQL8Dialect
2021-05-13 11:48:32.635  INFO 8252 --- [task-1] o.h.e.t.j.p.i.JtaPlatformInitiator       : HHH000490: Using JtaPlatform implementation: [org.hibernate.engine.transaction.jta.platform.internal.NoJtaPlatform]
2021-05-13 11:48:32.650  INFO 8252 --- [task-1] j.LocalContainerEntityManagerFactoryBean : Initialized JPA EntityManagerFactory for persistence unit 'default'
2021-05-13 11:48:34.964  INFO 8252 --- [task-2] o.s.b.d.a.OptionalLiveReloadServer       : LiveReload server is running on port 35729
2021-05-13 11:48:35.026  WARN 8252 --- [restartedMain] JpaBaseConfiguration$JpaWebConfiguration : spring.jpa.open-in-view is enabled by default. Therefore, database queries may be performed during view rendering. Explicitly configure spring.jpa.open-in-view to disable this warning
2021-05-13 11:48:35.698  INFO 8252 --- [restartedMain] o.s.b.w.embedded.tomcat.TomcatWebServer  : Tomcat started on port(s): 443 (https) 8080 (http) with context path ''
2021-05-13 11:48:35.698  INFO 8252 --- [restartedMain] DeferredRepositoryInitializationListener : Triggering deferred initialization of Spring Data repositories…
2021-05-13 11:48:35.776  INFO 8252 --- [restartedMain] DeferredRepositoryInitializationListener : Spring Data repositories initialized!
2021-05-13 11:48:35.792  INFO 8252 --- [restartedMain] c.e.f.biological.BiologicalApplication   : Started BiologicalApplication in 8.534 seconds (JVM running for 11.109)
2021-05-13 11:49:07.516  INFO 8252 --- [https-jsse-nio-443-exec-10] o.a.c.c.C.[Tomcat].[localhost].[/]       : Initializing Spring DispatcherServlet 'dispatcherServlet'
2021-05-13 11:49:07.516  INFO 8252 --- [https-jsse-nio-443-exec-10] o.s.web.servlet.DispatcherServlet        : Initializing Servlet 'dispatcherServlet'
2021-05-13 11:49:07.524  INFO 8252 --- [https-jsse-nio-443-exec-10] o.s.web.servlet.DispatcherServlet        : Completed initialization in 8 ms
