2021-04-17 00:20:36.401  INFO 10136 --- [main] c.e.f.b.BiologicalApplicationTests       : Starting BiologicalApplicationTests on DESKTOP-E7MG5IC with PID 10136 (started by 86460 in D:\Programming\JAVA_programming\informed_consent\server)
2021-04-17 00:20:36.403  INFO 10136 --- [main] c.e.f.b.BiologicalApplicationTests       : No active profile set, falling back to default profiles: default
2021-04-17 00:20:38.007  INFO 10136 --- [main] .s.d.r.c.RepositoryConfigurationDelegate : Bootstrapping Spring Data JPA repositories in DEFERRED mode.
2021-04-17 00:20:38.211  INFO 10136 --- [main] .s.d.r.c.RepositoryConfigurationDelegate : Finished Spring Data repository scanning in 171ms. Found 7 JPA repository interfaces.
2021-04-17 00:20:39.079  INFO 10136 --- [main] o.s.s.concurrent.ThreadPoolTaskExecutor  : Initializing ExecutorService 'applicationTaskExecutor'
2021-04-17 00:20:39.271  INFO 10136 --- [task-1] o.hibernate.jpa.internal.util.LogHelper  : HHH000204: Processing PersistenceUnitInfo [name: default]
2021-04-17 00:20:39.498  INFO 10136 --- [task-1] org.hibernate.Version                    : HHH000412: Hibernate ORM core version 5.4.21.Final
2021-04-17 00:20:40.030  INFO 10136 --- [task-1] o.hibernate.annotations.common.Version   : HCANN000001: Hibernate Commons Annotations {5.1.0.Final}
2021-04-17 00:20:42.593  INFO 10136 --- [task-1] com.zaxxer.hikari.HikariDataSource       : HikariPool-1 - Starting...
2021-04-17 00:20:43.468  INFO 10136 --- [task-1] com.zaxxer.hikari.HikariDataSource       : HikariPool-1 - Start completed.
2021-04-17 00:20:43.550  INFO 10136 --- [task-1] org.hibernate.dialect.Dialect            : HHH000400: Using dialect: org.hibernate.dialect.MySQL8Dialect
2021-04-17 00:20:45.997  INFO 10136 --- [task-1] o.h.e.t.j.p.i.JtaPlatformInitiator       : HHH000490: Using JtaPlatform implementation: [org.hibernate.engine.transaction.jta.platform.internal.NoJtaPlatform]
2021-04-17 00:20:46.045  INFO 10136 --- [task-1] j.LocalContainerEntityManagerFactoryBean : Initialized JPA EntityManagerFactory for persistence unit 'default'
2021-04-17 00:20:46.316  WARN 10136 --- [main] JpaBaseConfiguration$JpaWebConfiguration : spring.jpa.open-in-view is enabled by default. Therefore, database queries may be performed during view rendering. Explicitly configure spring.jpa.open-in-view to disable this warning
2021-04-17 00:20:47.790  INFO 10136 --- [main] DeferredRepositoryInitializationListener : Triggering deferred initialization of Spring Data repositories…
2021-04-17 00:20:48.765  INFO 10136 --- [main] DeferredRepositoryInitializationListener : Spring Data repositories initialized!
2021-04-17 00:20:48.784  INFO 10136 --- [main] c.e.f.b.BiologicalApplicationTests       : Started BiologicalApplicationTests in 13.161 seconds (JVM running for 15.692)
2021-04-17 00:20:49.618  WARN 10136 --- [main] c.e.f.biological.BiologicalApplication   : [1489, 1474, 1479, 1484]
2021-04-17 00:20:49.619  WARN 10136 --- [main] c.e.f.biological.BiologicalApplication   : 删除项目1489的信息
2021-04-17 00:20:50.261  WARN 10136 --- [main] c.e.f.biological.BiologicalApplication   : 删除项目1474的信息
2021-04-17 00:20:50.795  WARN 10136 --- [main] c.e.f.biological.BiologicalApplication   : 删除项目1479的信息
2021-04-17 00:20:51.641  WARN 10136 --- [main] c.e.f.biological.BiologicalApplication   : 删除项目1484的信息
2021-04-17 00:20:53.484  INFO 10136 --- [main] .e.f.b.c.o.OrganizationAccountController : testUnit注册成功
2021-04-17 00:20:53.592  INFO 10136 --- [main] .e.f.b.c.o.OrganizationAccountController : testUnit2注册成功
2021-04-17 00:20:53.696  INFO 10136 --- [main] .e.f.b.c.o.OrganizationAccountController : autoGeneratedUnitpassword123456注册成功
2021-04-17 00:20:57.139  INFO 10136 --- [main] .e.f.b.c.o.OrganizationProjectController : testUnit2单位:testProject项目草稿存储成功
2021-04-17 00:20:57.645  INFO 10136 --- [main] .e.f.b.c.o.OrganizationProjectController : testUnit单位:testProject项目草稿存储成功
2021-04-17 00:20:58.309  INFO 10136 --- [main] .e.f.b.c.o.OrganizationProjectController : testProject项目发布成功
2021-04-17 00:20:58.793  WARN 10136 --- [main] .e.f.b.c.o.OrganizationProjectController : 已有重名进行中项目
2021-04-17 00:20:58.935  WARN 10136 --- [main] .e.f.b.c.o.OrganizationProjectController : 该PID指定的项目已不是草稿状态
2021-04-17 00:20:59.215  WARN 10136 --- [main] .e.f.b.c.o.OrganizationProjectController : 指定PID发布:权限错误
2021-04-17 00:20:59.600  INFO 10136 --- [main] .e.f.b.c.o.OrganizationProjectController : testUnit2单位:testProject2项目草稿存储成功
2021-04-17 00:20:59.845  WARN 10136 --- [main] .e.f.b.c.o.OrganizationProjectController : 本单位已有同名项目草稿testProject2
2021-04-17 00:21:00.132  WARN 10136 --- [main] .e.f.b.c.o.OrganizationProjectController : 本单位已有同名项目草稿testProject
2021-04-17 00:21:00.409  INFO 10136 --- [main] c.e.f.biological.BiologicalApplication   : 1507
2021-04-17 00:21:00.410  INFO 10136 --- [main] c.e.f.biological.BiologicalApplication   : testProject
2021-04-17 00:21:00.410  INFO 10136 --- [main] c.e.f.biological.BiologicalApplication   : 2021.04.17
2021-04-17 00:21:00.410  INFO 10136 --- [main] c.e.f.biological.BiologicalApplication   : 2020.03.03
2021-04-17 00:21:00.411  INFO 10136 --- [main] c.e.f.biological.BiologicalApplication   : 1502
2021-04-17 00:21:00.411  INFO 10136 --- [main] c.e.f.biological.BiologicalApplication   : testProject
2021-04-17 00:21:00.411  INFO 10136 --- [main] c.e.f.biological.BiologicalApplication   : null
2021-04-17 00:21:00.411  INFO 10136 --- [main] c.e.f.biological.BiologicalApplication   : 2020.03.03
2021-04-17 00:21:00.795  INFO 10136 --- [SpringContextShutdownHook] j.LocalContainerEntityManagerFactoryBean : Closing JPA EntityManagerFactory for persistence unit 'default'
2021-04-17 00:21:00.804  INFO 10136 --- [SpringContextShutdownHook] o.s.s.concurrent.ThreadPoolTaskExecutor  : Shutting down ExecutorService 'applicationTaskExecutor'
2021-04-17 00:21:00.804  INFO 10136 --- [SpringContextShutdownHook] com.zaxxer.hikari.HikariDataSource       : HikariPool-1 - Shutdown initiated...
2021-04-17 00:21:00.892  INFO 10136 --- [SpringContextShutdownHook] com.zaxxer.hikari.HikariDataSource       : HikariPool-1 - Shutdown completed.
